<?xml version="1.0" encoding="UTF-8"?>
<!-- Generated by org.testng.reporters.JUnitReportReporter -->
<testsuite hostname="LAPTOP-CNG635MQ" failures="0" tests="3" name="com.udemy.java.test.HoverableDropdownTest" time="11.056" errors="0" timestamp="26 Feb 2025 23:53:53 GMT" skipped="0">
  <testcase classname="com.udemy.java.test.HoverableDropdownTest" name="dropdownTest" time="3.704"/>
  <testcase classname="com.udemy.java.test.HoverableDropdownTest" name="dropdownTest" time="3.769"/>
  <testcase classname="com.udemy.java.test.HoverableDropdownTest" name="dropdownTest" time="3.583"/>
</testsuite> <!-- com.udemy.java.test.HoverableDropdownTest -->
