<?xml version="1.0" encoding="UTF-8"?>
<!-- Generated by org.testng.reporters.JUnitReportReporter -->
<testsuite hostname="LAPTOP-CNG635MQ" failures="0" tests="5" name="com.udemy.java.test.CheckboxSelectionTest" time="11.637" errors="0" timestamp="13 Feb 2025 00:31:22 GMT" skipped="0">
  <testcase classname="com.udemy.java.test.CheckboxSelectionTest" name="tableRowTest" time="2.799"/>
  <testcase classname="com.udemy.java.test.CheckboxSelectionTest" name="tableRowTest" time="2.102"/>
  <testcase classname="com.udemy.java.test.CheckboxSelectionTest" name="tableRowTest" time="1.701"/>
  <testcase classname="com.udemy.java.test.CheckboxSelectionTest" name="tableRowTest" time="1.799"/>
  <testcase classname="com.udemy.java.test.CheckboxSelectionTest" name="tableRowTest" time="3.236"/>
</testsuite> <!-- com.udemy.java.test.CheckboxSelectionTest -->
