<?xml version="1.0" encoding="UTF-8"?>
<!-- Generated by org.testng.reporters.JUnitReportReporter -->
<testsuite hostname="LAPTOP-CNG635MQ" failures="0" tests="1" name="com.udemy.java.test.DriverTest" time="3.309" errors="0" timestamp="09 Feb 2025 15:09:36 GMT" skipped="0">
  <testcase classname="com.udemy.java.test.DriverTest" name="googleTest4" time="3.309"/>
</testsuite> <!-- com.udemy.java.test.DriverTest -->
