<?xml version="1.0" encoding="UTF-8"?>
<!-- Generated by org.testng.reporters.JUnitReportReporter -->
<testsuite hostname="LAPTOP-CNG635MQ" failures="0" tests="1" name="com.udemy.java.test.PriceTableTest" time="4.046" errors="0" timestamp="26 Feb 2025 08:58:50 GMT" skipped="0">
  <testcase classname="com.udemy.java.test.PriceTableTest" name="minPriceTest" time="4.046"/>
</testsuite> <!-- com.udemy.java.test.PriceTableTest -->
